Build started 10/29/2014 4:16:39 PM.
     1>Project "D:\programowanie_c\pekka kana 2\pekka kana 2\pekka kana 2.vcxproj" on node 2 (build target(s)).
     1>InitializeBuildStatus:
         Creating "Release\pekka kana 2.unsuccessfulbuild" because "AlwaysCreate" was specified.
       GenerateTargetFrameworkMonikerAttribute:
       Skipping target "GenerateTargetFrameworkMonikerAttribute" because all output files are up-to-date with respect to the input files.
       ClCompile:
         All outputs are up-to-date.
         All outputs are up-to-date.
         All outputs are up-to-date.
       CoreResGen:
         No resources are out of date with respect to their source files. Skipping resource generation.
       ResourceCompile:
         All outputs are up-to-date.
       Link:
         All outputs are up-to-date.
         pekka kana 2.vcxproj -> D:\programowanie_c\pekka kana 2\Release\pekka kana 2.exe
       MetaGen:
       Skipping target "MetaGen" because all output files are up-to-date with respect to the input files.
       FinalizeBuildStatus:
         Deleting file "Release\pekka kana 2.unsuccessfulbuild".
         Touching "Release\pekka kana 2.lastbuildstate".
     1>Done Building Project "D:\programowanie_c\pekka kana 2\pekka kana 2\pekka kana 2.vcxproj" (build target(s)).

Build succeeded.

Time Elapsed 00:00:00.09
